2026-05-21 10:07:54,883 INFO:main.py:246:print_splash_screen:PDB2PQR v3.7.1: biomolecular structure conversion software.
2026-05-21 10:07:54,884 INFO:main.py:248:print_splash_screen:Please cite:  Jurrus E, et al.  Improvements to the APBS biomolecular solvation software suite.  Protein Sci 27 112-128 (2018).
2026-05-21 10:07:54,884 INFO:main.py:248:print_splash_screen:Please cite:  Dolinsky TJ, et al.  PDB2PQR: expanding and upgrading automated preparation of biomolecular structures for molecular simulations. Nucleic Acids Res 35 W522-W525 (2007).
2026-05-21 10:07:54,884 INFO:main.py:770:main_driver:Checking and transforming input arguments.
2026-05-21 10:07:54,884 INFO:main.py:774:main_driver:Loading topology files.
2026-05-21 10:07:54,915 INFO:main.py:776:main_driver:Loading molecule: 1afw.cif
2026-05-21 10:08:45,329 INFO:main.py:246:print_splash_screen:PDB2PQR v3.7.1: biomolecular structure conversion software.
2026-05-21 10:08:45,329 INFO:main.py:248:print_splash_screen:Please cite:  Jurrus E, et al.  Improvements to the APBS biomolecular solvation software suite.  Protein Sci 27 112-128 (2018).
2026-05-21 10:08:45,329 INFO:main.py:248:print_splash_screen:Please cite:  Dolinsky TJ, et al.  PDB2PQR: expanding and upgrading automated preparation of biomolecular structures for molecular simulations. Nucleic Acids Res 35 W522-W525 (2007).
2026-05-21 10:08:45,329 INFO:main.py:770:main_driver:Checking and transforming input arguments.
2026-05-21 10:08:45,329 INFO:main.py:774:main_driver:Loading topology files.
2026-05-21 10:08:45,360 INFO:main.py:776:main_driver:Loading molecule: 1afw.cif.temp.pdb
2026-05-21 10:08:45,375 INFO:main.py:781:main_driver:Setting up molecule.
2026-05-21 10:08:45,383 WARNING:biomolecule.py:995:create_residue:Unable to find amino or nucleic acid definition for MRD.  Parsing as new residue.
2026-05-21 10:08:45,403 WARNING:biomolecule.py:995:create_residue:Unable to find amino or nucleic acid definition for MRD.  Parsing as new residue.
2026-05-21 10:08:45,404 INFO:main.py:423:setup_molecule:Created biomolecule object with 1233 residues and 6338 atoms.
2026-05-21 10:08:45,404 INFO:main.py:785:main_driver:Setting termini states for biomolecule chains.
2026-05-21 10:08:45,412 WARNING:biomolecule.py:618:update_bonds:Gap in backbone detected between ILE A 262 and GLY A 266!
2026-05-21 10:08:45,414 INFO:main.py:616:non_trivial:Loading forcefield.
2026-05-21 10:08:45,421 INFO:main.py:620:non_trivial:Loading hydrogen topology definitions.
2026-05-21 10:08:45,424 INFO:main.py:474:is_repairable:This biomolecule is clean.  No repair needed.
2026-05-21 10:08:45,425 INFO:main.py:635:non_trivial:Updating disulfide bridges.
2026-05-21 10:08:45,425 INFO:main.py:638:non_trivial:Debumping biomolecule.
2026-05-21 10:08:45,530 INFO:main.py:661:non_trivial:Adding hydrogens to biomolecule.
2026-05-21 10:08:45,907 INFO:main.py:664:non_trivial:Debumping biomolecule (again).
2026-05-21 10:08:46,146 WARNING:debump.py:179:debump_biomolecule:WARNING: Unable to debump GLU A 252
2026-05-21 10:08:46,399 INFO:main.py:666:non_trivial:Optimizing hydrogen bonds
2026-05-21 10:08:46,813 WARNING:debump.py:361:get_closest_atom:Skipped atom during water optimization: H2 in HOH A 650 skipped when optimizing H1 in HOH A 537
2026-05-21 10:08:46,816 WARNING:debump.py:361:get_closest_atom:Skipped atom during water optimization: H1 in HOH A 650 skipped when optimizing H2 in HOH A 644
2026-05-21 10:08:46,816 WARNING:debump.py:361:get_closest_atom:Skipped atom during water optimization: H1 in HOH A 650 skipped when optimizing H2 in HOH A 644
2026-05-21 10:08:46,817 WARNING:debump.py:361:get_closest_atom:Skipped atom during water optimization: H1 in HOH A 650 skipped when optimizing H2 in HOH A 644
2026-05-21 10:08:46,818 WARNING:debump.py:361:get_closest_atom:Skipped atom during water optimization: H1 in HOH A 650 skipped when optimizing H2 in HOH A 644
2026-05-21 10:08:46,818 WARNING:debump.py:361:get_closest_atom:Skipped atom during water optimization: H1 in HOH A 650 skipped when optimizing H2 in HOH A 644
2026-05-21 10:08:46,819 WARNING:debump.py:361:get_closest_atom:Skipped atom during water optimization: H1 in HOH A 650 skipped when optimizing H2 in HOH A 644
2026-05-21 10:08:46,820 WARNING:debump.py:361:get_closest_atom:Skipped atom during water optimization: H1 in HOH A 650 skipped when optimizing H2 in HOH A 644
2026-05-21 10:08:46,820 WARNING:debump.py:361:get_closest_atom:Skipped atom during water optimization: H1 in HOH A 650 skipped when optimizing H2 in HOH A 644
2026-05-21 10:08:46,821 WARNING:io.py:44:filter:Suppressing further "Skipped atom during water optimization" messages
2026-05-21 10:08:51,180 INFO:main.py:678:non_trivial:Applying force field to biomolecule states.
2026-05-21 10:08:51,187 INFO:main.py:725:non_trivial:Regenerating headers.
2026-05-21 10:08:51,189 INFO:main.py:750:non_trivial:Regenerating PDB lines.
2026-05-21 10:08:51,229 WARNING:main.py:326:print_pqr:Ignoring 1287 header lines in output.
2026-05-21 10:08:51,229 WARNING:main.py:330:print_pqr:Ignoring 16 missing lines in output.
