2026-05-21 09:08:20,303 INFO:main.py:246:print_splash_screen:PDB2PQR v3.7.1: biomolecular structure conversion software.
2026-05-21 09:08:20,303 INFO:main.py:248:print_splash_screen:Please cite:  Jurrus E, et al.  Improvements to the APBS biomolecular solvation software suite.  Protein Sci 27 112-128 (2018).
2026-05-21 09:08:20,304 INFO:main.py:248:print_splash_screen:Please cite:  Dolinsky TJ, et al.  PDB2PQR: expanding and upgrading automated preparation of biomolecular structures for molecular simulations. Nucleic Acids Res 35 W522-W525 (2007).
2026-05-21 09:08:20,304 INFO:main.py:770:main_driver:Checking and transforming input arguments.
2026-05-21 09:08:20,304 INFO:main.py:774:main_driver:Loading topology files.
2026-05-21 09:08:20,336 INFO:main.py:776:main_driver:Loading molecule: 1AFW.pdb
2026-05-21 09:08:20,351 INFO:main.py:781:main_driver:Setting up molecule.
2026-05-21 09:08:20,376 WARNING:biomolecule.py:995:create_residue:Unable to find amino or nucleic acid definition for MRD.  Parsing as new residue.
2026-05-21 09:08:20,376 WARNING:biomolecule.py:995:create_residue:Unable to find amino or nucleic acid definition for MRD.  Parsing as new residue.
2026-05-21 09:08:20,377 INFO:main.py:423:setup_molecule:Created biomolecule object with 1233 residues and 6338 atoms.
2026-05-21 09:08:20,378 INFO:main.py:785:main_driver:Setting termini states for biomolecule chains.
2026-05-21 09:08:20,386 WARNING:biomolecule.py:618:update_bonds:Gap in backbone detected between ILE A 262 and GLY A 266!
2026-05-21 09:08:20,388 INFO:main.py:616:non_trivial:Loading forcefield.
2026-05-21 09:08:20,394 INFO:main.py:620:non_trivial:Loading hydrogen topology definitions.
2026-05-21 09:08:20,398 INFO:main.py:474:is_repairable:This biomolecule is clean.  No repair needed.
2026-05-21 09:08:20,398 INFO:main.py:635:non_trivial:Updating disulfide bridges.
2026-05-21 09:08:20,398 INFO:main.py:638:non_trivial:Debumping biomolecule.
2026-05-21 09:08:20,499 INFO:main.py:661:non_trivial:Adding hydrogens to biomolecule.
2026-05-21 09:08:20,862 INFO:main.py:664:non_trivial:Debumping biomolecule (again).
2026-05-21 09:08:21,101 WARNING:debump.py:179:debump_biomolecule:WARNING: Unable to debump GLU A 252
2026-05-21 09:08:21,351 INFO:main.py:666:non_trivial:Optimizing hydrogen bonds
2026-05-21 09:08:21,762 WARNING:debump.py:361:get_closest_atom:Skipped atom during water optimization: H2 in HOH A 650 skipped when optimizing H1 in HOH A 537
2026-05-21 09:08:21,764 WARNING:debump.py:361:get_closest_atom:Skipped atom during water optimization: H1 in HOH A 650 skipped when optimizing H2 in HOH A 644
2026-05-21 09:08:21,765 WARNING:debump.py:361:get_closest_atom:Skipped atom during water optimization: H1 in HOH A 650 skipped when optimizing H2 in HOH A 644
2026-05-21 09:08:21,765 WARNING:debump.py:361:get_closest_atom:Skipped atom during water optimization: H1 in HOH A 650 skipped when optimizing H2 in HOH A 644
2026-05-21 09:08:21,766 WARNING:debump.py:361:get_closest_atom:Skipped atom during water optimization: H1 in HOH A 650 skipped when optimizing H2 in HOH A 644
2026-05-21 09:08:21,767 WARNING:debump.py:361:get_closest_atom:Skipped atom during water optimization: H1 in HOH A 650 skipped when optimizing H2 in HOH A 644
2026-05-21 09:08:21,767 WARNING:debump.py:361:get_closest_atom:Skipped atom during water optimization: H1 in HOH A 650 skipped when optimizing H2 in HOH A 644
2026-05-21 09:08:21,768 WARNING:debump.py:361:get_closest_atom:Skipped atom during water optimization: H1 in HOH A 650 skipped when optimizing H2 in HOH A 644
2026-05-21 09:08:21,769 WARNING:debump.py:361:get_closest_atom:Skipped atom during water optimization: H1 in HOH A 650 skipped when optimizing H2 in HOH A 644
2026-05-21 09:08:21,769 WARNING:io.py:44:filter:Suppressing further "Skipped atom during water optimization" messages
2026-05-21 09:08:26,074 INFO:main.py:678:non_trivial:Applying force field to biomolecule states.
2026-05-21 09:08:26,082 INFO:main.py:725:non_trivial:Regenerating headers.
2026-05-21 09:08:26,084 INFO:main.py:750:non_trivial:Regenerating PDB lines.
2026-05-21 09:08:26,124 WARNING:main.py:326:print_pqr:Ignoring 1287 header lines in output.
2026-05-21 09:08:26,124 WARNING:main.py:330:print_pqr:Ignoring 16 missing lines in output.
2026-05-21 09:11:06,065 INFO:main.py:246:print_splash_screen:PDB2PQR v3.7.1: biomolecular structure conversion software.
2026-05-21 09:11:06,065 INFO:main.py:248:print_splash_screen:Please cite:  Jurrus E, et al.  Improvements to the APBS biomolecular solvation software suite.  Protein Sci 27 112-128 (2018).
2026-05-21 09:11:06,065 INFO:main.py:248:print_splash_screen:Please cite:  Dolinsky TJ, et al.  PDB2PQR: expanding and upgrading automated preparation of biomolecular structures for molecular simulations. Nucleic Acids Res 35 W522-W525 (2007).
2026-05-21 09:11:06,065 INFO:main.py:770:main_driver:Checking and transforming input arguments.
2026-05-21 09:11:06,066 INFO:main.py:774:main_driver:Loading topology files.
2026-05-21 09:11:06,097 INFO:main.py:776:main_driver:Loading molecule: 1AFW.pdb
2026-05-21 09:11:06,112 INFO:main.py:781:main_driver:Setting up molecule.
2026-05-21 09:11:06,140 WARNING:biomolecule.py:995:create_residue:Unable to find amino or nucleic acid definition for MRD.  Parsing as new residue.
2026-05-21 09:11:06,140 WARNING:biomolecule.py:995:create_residue:Unable to find amino or nucleic acid definition for MRD.  Parsing as new residue.
2026-05-21 09:11:06,142 INFO:main.py:423:setup_molecule:Created biomolecule object with 1233 residues and 6338 atoms.
2026-05-21 09:11:06,142 INFO:main.py:785:main_driver:Setting termini states for biomolecule chains.
2026-05-21 09:11:06,150 WARNING:biomolecule.py:618:update_bonds:Gap in backbone detected between ILE A 262 and GLY A 266!
2026-05-21 09:11:06,152 INFO:main.py:616:non_trivial:Loading forcefield.
2026-05-21 09:11:06,159 INFO:main.py:620:non_trivial:Loading hydrogen topology definitions.
2026-05-21 09:11:06,162 INFO:main.py:474:is_repairable:This biomolecule is clean.  No repair needed.
2026-05-21 09:11:06,162 INFO:main.py:635:non_trivial:Updating disulfide bridges.
2026-05-21 09:11:06,163 INFO:main.py:638:non_trivial:Debumping biomolecule.
2026-05-21 09:11:06,266 INFO:main.py:661:non_trivial:Adding hydrogens to biomolecule.
2026-05-21 09:11:06,632 INFO:main.py:664:non_trivial:Debumping biomolecule (again).
2026-05-21 09:11:06,870 WARNING:debump.py:179:debump_biomolecule:WARNING: Unable to debump GLU A 252
2026-05-21 09:11:07,116 INFO:main.py:666:non_trivial:Optimizing hydrogen bonds
2026-05-21 09:11:07,528 WARNING:debump.py:361:get_closest_atom:Skipped atom during water optimization: H2 in HOH A 650 skipped when optimizing H1 in HOH A 537
2026-05-21 09:11:07,531 WARNING:debump.py:361:get_closest_atom:Skipped atom during water optimization: H1 in HOH A 650 skipped when optimizing H2 in HOH A 644
2026-05-21 09:11:07,531 WARNING:debump.py:361:get_closest_atom:Skipped atom during water optimization: H1 in HOH A 650 skipped when optimizing H2 in HOH A 644
2026-05-21 09:11:07,532 WARNING:debump.py:361:get_closest_atom:Skipped atom during water optimization: H1 in HOH A 650 skipped when optimizing H2 in HOH A 644
2026-05-21 09:11:07,533 WARNING:debump.py:361:get_closest_atom:Skipped atom during water optimization: H1 in HOH A 650 skipped when optimizing H2 in HOH A 644
2026-05-21 09:11:07,533 WARNING:debump.py:361:get_closest_atom:Skipped atom during water optimization: H1 in HOH A 650 skipped when optimizing H2 in HOH A 644
2026-05-21 09:11:07,534 WARNING:debump.py:361:get_closest_atom:Skipped atom during water optimization: H1 in HOH A 650 skipped when optimizing H2 in HOH A 644
2026-05-21 09:11:07,535 WARNING:debump.py:361:get_closest_atom:Skipped atom during water optimization: H1 in HOH A 650 skipped when optimizing H2 in HOH A 644
2026-05-21 09:11:07,535 WARNING:debump.py:361:get_closest_atom:Skipped atom during water optimization: H1 in HOH A 650 skipped when optimizing H2 in HOH A 644
2026-05-21 09:11:07,536 WARNING:io.py:44:filter:Suppressing further "Skipped atom during water optimization" messages
2026-05-21 09:11:11,858 INFO:main.py:678:non_trivial:Applying force field to biomolecule states.
2026-05-21 09:11:11,866 INFO:main.py:725:non_trivial:Regenerating headers.
2026-05-21 09:11:11,867 INFO:main.py:750:non_trivial:Regenerating PDB lines.
2026-05-21 09:11:11,908 WARNING:main.py:326:print_pqr:Ignoring 1287 header lines in output.
2026-05-21 09:11:11,908 WARNING:main.py:330:print_pqr:Ignoring 16 missing lines in output.
2026-05-21 09:44:57,351 INFO:main.py:246:print_splash_screen:PDB2PQR v3.7.1: biomolecular structure conversion software.
2026-05-21 09:44:57,351 INFO:main.py:248:print_splash_screen:Please cite:  Jurrus E, et al.  Improvements to the APBS biomolecular solvation software suite.  Protein Sci 27 112-128 (2018).
2026-05-21 09:44:57,351 INFO:main.py:248:print_splash_screen:Please cite:  Dolinsky TJ, et al.  PDB2PQR: expanding and upgrading automated preparation of biomolecular structures for molecular simulations. Nucleic Acids Res 35 W522-W525 (2007).
2026-05-21 09:44:57,351 INFO:main.py:770:main_driver:Checking and transforming input arguments.
2026-05-21 09:44:57,351 INFO:main.py:774:main_driver:Loading topology files.
2026-05-21 09:44:57,383 INFO:main.py:776:main_driver:Loading molecule: 1AFW.pdb
2026-05-21 09:44:57,398 INFO:main.py:781:main_driver:Setting up molecule.
2026-05-21 09:44:57,426 WARNING:biomolecule.py:995:create_residue:Unable to find amino or nucleic acid definition for MRD.  Parsing as new residue.
2026-05-21 09:44:57,426 WARNING:biomolecule.py:995:create_residue:Unable to find amino or nucleic acid definition for MRD.  Parsing as new residue.
2026-05-21 09:44:57,428 INFO:main.py:423:setup_molecule:Created biomolecule object with 1233 residues and 6338 atoms.
2026-05-21 09:44:57,428 INFO:main.py:785:main_driver:Setting termini states for biomolecule chains.
2026-05-21 09:44:57,436 WARNING:biomolecule.py:618:update_bonds:Gap in backbone detected between ILE A 262 and GLY A 266!
2026-05-21 09:44:57,438 INFO:main.py:616:non_trivial:Loading forcefield.
2026-05-21 09:44:57,444 INFO:main.py:620:non_trivial:Loading hydrogen topology definitions.
2026-05-21 09:44:57,448 INFO:main.py:474:is_repairable:This biomolecule is clean.  No repair needed.
2026-05-21 09:44:57,448 INFO:main.py:635:non_trivial:Updating disulfide bridges.
2026-05-21 09:44:57,449 INFO:main.py:638:non_trivial:Debumping biomolecule.
2026-05-21 09:44:57,551 INFO:main.py:661:non_trivial:Adding hydrogens to biomolecule.
2026-05-21 09:44:57,924 INFO:main.py:664:non_trivial:Debumping biomolecule (again).
2026-05-21 09:44:58,162 WARNING:debump.py:179:debump_biomolecule:WARNING: Unable to debump GLU A 252
2026-05-21 09:44:58,413 INFO:main.py:666:non_trivial:Optimizing hydrogen bonds
2026-05-21 09:44:58,822 WARNING:debump.py:361:get_closest_atom:Skipped atom during water optimization: H2 in HOH A 650 skipped when optimizing H1 in HOH A 537
2026-05-21 09:44:58,824 WARNING:debump.py:361:get_closest_atom:Skipped atom during water optimization: H1 in HOH A 650 skipped when optimizing H2 in HOH A 644
2026-05-21 09:44:58,825 WARNING:debump.py:361:get_closest_atom:Skipped atom during water optimization: H1 in HOH A 650 skipped when optimizing H2 in HOH A 644
2026-05-21 09:44:58,826 WARNING:debump.py:361:get_closest_atom:Skipped atom during water optimization: H1 in HOH A 650 skipped when optimizing H2 in HOH A 644
2026-05-21 09:44:58,826 WARNING:debump.py:361:get_closest_atom:Skipped atom during water optimization: H1 in HOH A 650 skipped when optimizing H2 in HOH A 644
2026-05-21 09:44:58,827 WARNING:debump.py:361:get_closest_atom:Skipped atom during water optimization: H1 in HOH A 650 skipped when optimizing H2 in HOH A 644
2026-05-21 09:44:58,828 WARNING:debump.py:361:get_closest_atom:Skipped atom during water optimization: H1 in HOH A 650 skipped when optimizing H2 in HOH A 644
2026-05-21 09:44:58,828 WARNING:debump.py:361:get_closest_atom:Skipped atom during water optimization: H1 in HOH A 650 skipped when optimizing H2 in HOH A 644
2026-05-21 09:44:58,829 WARNING:debump.py:361:get_closest_atom:Skipped atom during water optimization: H1 in HOH A 650 skipped when optimizing H2 in HOH A 644
2026-05-21 09:44:58,830 WARNING:io.py:44:filter:Suppressing further "Skipped atom during water optimization" messages
2026-05-21 09:45:03,175 INFO:main.py:678:non_trivial:Applying force field to biomolecule states.
2026-05-21 09:45:03,183 INFO:main.py:725:non_trivial:Regenerating headers.
2026-05-21 09:45:03,184 INFO:main.py:750:non_trivial:Regenerating PDB lines.
2026-05-21 09:45:03,226 WARNING:main.py:326:print_pqr:Ignoring 1287 header lines in output.
2026-05-21 09:45:03,226 WARNING:main.py:330:print_pqr:Ignoring 16 missing lines in output.
2026-05-21 09:59:10,053 INFO:main.py:246:print_splash_screen:PDB2PQR v3.7.1: biomolecular structure conversion software.
2026-05-21 09:59:10,053 INFO:main.py:248:print_splash_screen:Please cite:  Jurrus E, et al.  Improvements to the APBS biomolecular solvation software suite.  Protein Sci 27 112-128 (2018).
2026-05-21 09:59:10,053 INFO:main.py:248:print_splash_screen:Please cite:  Dolinsky TJ, et al.  PDB2PQR: expanding and upgrading automated preparation of biomolecular structures for molecular simulations. Nucleic Acids Res 35 W522-W525 (2007).
2026-05-21 09:59:10,053 INFO:main.py:770:main_driver:Checking and transforming input arguments.
2026-05-21 09:59:10,053 INFO:main.py:774:main_driver:Loading topology files.
2026-05-21 09:59:10,084 INFO:main.py:776:main_driver:Loading molecule: 1AFW.pdb
2026-05-21 09:59:10,100 INFO:main.py:781:main_driver:Setting up molecule.
2026-05-21 09:59:10,125 WARNING:biomolecule.py:995:create_residue:Unable to find amino or nucleic acid definition for MRD.  Parsing as new residue.
2026-05-21 09:59:10,125 WARNING:biomolecule.py:995:create_residue:Unable to find amino or nucleic acid definition for MRD.  Parsing as new residue.
2026-05-21 09:59:10,127 INFO:main.py:423:setup_molecule:Created biomolecule object with 1233 residues and 6338 atoms.
2026-05-21 09:59:10,127 INFO:main.py:785:main_driver:Setting termini states for biomolecule chains.
2026-05-21 09:59:10,136 WARNING:biomolecule.py:618:update_bonds:Gap in backbone detected between ILE A 262 and GLY A 266!
2026-05-21 09:59:10,138 INFO:main.py:616:non_trivial:Loading forcefield.
2026-05-21 09:59:10,144 INFO:main.py:620:non_trivial:Loading hydrogen topology definitions.
2026-05-21 09:59:10,147 INFO:main.py:474:is_repairable:This biomolecule is clean.  No repair needed.
2026-05-21 09:59:10,147 INFO:main.py:635:non_trivial:Updating disulfide bridges.
2026-05-21 09:59:10,148 INFO:main.py:638:non_trivial:Debumping biomolecule.
2026-05-21 09:59:10,251 INFO:main.py:661:non_trivial:Adding hydrogens to biomolecule.
2026-05-21 09:59:10,621 INFO:main.py:664:non_trivial:Debumping biomolecule (again).
2026-05-21 09:59:10,859 WARNING:debump.py:179:debump_biomolecule:WARNING: Unable to debump GLU A 252
2026-05-21 09:59:11,107 INFO:main.py:666:non_trivial:Optimizing hydrogen bonds
2026-05-21 09:59:11,519 WARNING:debump.py:361:get_closest_atom:Skipped atom during water optimization: H2 in HOH A 650 skipped when optimizing H1 in HOH A 537
2026-05-21 09:59:11,522 WARNING:debump.py:361:get_closest_atom:Skipped atom during water optimization: H1 in HOH A 650 skipped when optimizing H2 in HOH A 644
2026-05-21 09:59:11,522 WARNING:debump.py:361:get_closest_atom:Skipped atom during water optimization: H1 in HOH A 650 skipped when optimizing H2 in HOH A 644
2026-05-21 09:59:11,523 WARNING:debump.py:361:get_closest_atom:Skipped atom during water optimization: H1 in HOH A 650 skipped when optimizing H2 in HOH A 644
2026-05-21 09:59:11,524 WARNING:debump.py:361:get_closest_atom:Skipped atom during water optimization: H1 in HOH A 650 skipped when optimizing H2 in HOH A 644
2026-05-21 09:59:11,524 WARNING:debump.py:361:get_closest_atom:Skipped atom during water optimization: H1 in HOH A 650 skipped when optimizing H2 in HOH A 644
2026-05-21 09:59:11,525 WARNING:debump.py:361:get_closest_atom:Skipped atom during water optimization: H1 in HOH A 650 skipped when optimizing H2 in HOH A 644
2026-05-21 09:59:11,526 WARNING:debump.py:361:get_closest_atom:Skipped atom during water optimization: H1 in HOH A 650 skipped when optimizing H2 in HOH A 644
2026-05-21 09:59:11,526 WARNING:debump.py:361:get_closest_atom:Skipped atom during water optimization: H1 in HOH A 650 skipped when optimizing H2 in HOH A 644
2026-05-21 09:59:11,527 WARNING:io.py:44:filter:Suppressing further "Skipped atom during water optimization" messages
2026-05-21 09:59:15,898 INFO:main.py:678:non_trivial:Applying force field to biomolecule states.
2026-05-21 09:59:15,906 INFO:main.py:725:non_trivial:Regenerating headers.
2026-05-21 09:59:15,908 INFO:main.py:750:non_trivial:Regenerating PDB lines.
2026-05-21 09:59:15,948 WARNING:main.py:326:print_pqr:Ignoring 1287 header lines in output.
2026-05-21 09:59:15,948 WARNING:main.py:330:print_pqr:Ignoring 16 missing lines in output.
2026-05-21 10:05:04,181 INFO:main.py:246:print_splash_screen:PDB2PQR v3.7.1: biomolecular structure conversion software.
2026-05-21 10:05:04,182 INFO:main.py:248:print_splash_screen:Please cite:  Jurrus E, et al.  Improvements to the APBS biomolecular solvation software suite.  Protein Sci 27 112-128 (2018).
2026-05-21 10:05:04,182 INFO:main.py:248:print_splash_screen:Please cite:  Dolinsky TJ, et al.  PDB2PQR: expanding and upgrading automated preparation of biomolecular structures for molecular simulations. Nucleic Acids Res 35 W522-W525 (2007).
2026-05-21 10:05:04,182 INFO:main.py:770:main_driver:Checking and transforming input arguments.
2026-05-21 10:05:04,182 INFO:main.py:774:main_driver:Loading topology files.
2026-05-21 10:05:04,212 INFO:main.py:776:main_driver:Loading molecule: 1AFW.pdb
2026-05-21 10:05:04,227 INFO:main.py:781:main_driver:Setting up molecule.
2026-05-21 10:05:04,253 WARNING:biomolecule.py:995:create_residue:Unable to find amino or nucleic acid definition for MRD.  Parsing as new residue.
2026-05-21 10:05:04,253 WARNING:biomolecule.py:995:create_residue:Unable to find amino or nucleic acid definition for MRD.  Parsing as new residue.
2026-05-21 10:05:04,254 INFO:main.py:423:setup_molecule:Created biomolecule object with 1233 residues and 6338 atoms.
2026-05-21 10:05:04,254 INFO:main.py:785:main_driver:Setting termini states for biomolecule chains.
2026-05-21 10:05:04,262 WARNING:biomolecule.py:618:update_bonds:Gap in backbone detected between ILE A 262 and GLY A 266!
2026-05-21 10:05:04,264 INFO:main.py:616:non_trivial:Loading forcefield.
2026-05-21 10:05:04,270 INFO:main.py:620:non_trivial:Loading hydrogen topology definitions.
2026-05-21 10:05:04,273 INFO:main.py:474:is_repairable:This biomolecule is clean.  No repair needed.
2026-05-21 10:05:04,274 INFO:main.py:635:non_trivial:Updating disulfide bridges.
2026-05-21 10:05:04,274 INFO:main.py:638:non_trivial:Debumping biomolecule.
2026-05-21 10:05:04,373 INFO:main.py:661:non_trivial:Adding hydrogens to biomolecule.
2026-05-21 10:05:04,731 INFO:main.py:664:non_trivial:Debumping biomolecule (again).
2026-05-21 10:05:04,958 WARNING:debump.py:179:debump_biomolecule:WARNING: Unable to debump GLU A 252
2026-05-21 10:05:05,196 INFO:main.py:666:non_trivial:Optimizing hydrogen bonds
2026-05-21 10:05:05,593 WARNING:debump.py:361:get_closest_atom:Skipped atom during water optimization: H2 in HOH A 650 skipped when optimizing H1 in HOH A 537
2026-05-21 10:05:05,596 WARNING:debump.py:361:get_closest_atom:Skipped atom during water optimization: H1 in HOH A 650 skipped when optimizing H2 in HOH A 644
2026-05-21 10:05:05,597 WARNING:debump.py:361:get_closest_atom:Skipped atom during water optimization: H1 in HOH A 650 skipped when optimizing H2 in HOH A 644
2026-05-21 10:05:05,597 WARNING:debump.py:361:get_closest_atom:Skipped atom during water optimization: H1 in HOH A 650 skipped when optimizing H2 in HOH A 644
2026-05-21 10:05:05,598 WARNING:debump.py:361:get_closest_atom:Skipped atom during water optimization: H1 in HOH A 650 skipped when optimizing H2 in HOH A 644
2026-05-21 10:05:05,599 WARNING:debump.py:361:get_closest_atom:Skipped atom during water optimization: H1 in HOH A 650 skipped when optimizing H2 in HOH A 644
2026-05-21 10:05:05,599 WARNING:debump.py:361:get_closest_atom:Skipped atom during water optimization: H1 in HOH A 650 skipped when optimizing H2 in HOH A 644
2026-05-21 10:05:05,600 WARNING:debump.py:361:get_closest_atom:Skipped atom during water optimization: H1 in HOH A 650 skipped when optimizing H2 in HOH A 644
2026-05-21 10:05:05,601 WARNING:debump.py:361:get_closest_atom:Skipped atom during water optimization: H1 in HOH A 650 skipped when optimizing H2 in HOH A 644
2026-05-21 10:05:05,601 WARNING:io.py:44:filter:Suppressing further "Skipped atom during water optimization" messages
2026-05-21 10:05:09,828 INFO:main.py:678:non_trivial:Applying force field to biomolecule states.
2026-05-21 10:05:09,835 INFO:main.py:725:non_trivial:Regenerating headers.
2026-05-21 10:05:09,837 INFO:main.py:750:non_trivial:Regenerating PDB lines.
2026-05-21 10:05:09,877 WARNING:main.py:326:print_pqr:Ignoring 1287 header lines in output.
2026-05-21 10:05:09,877 WARNING:main.py:330:print_pqr:Ignoring 16 missing lines in output.
2026-05-21 10:27:57,842 INFO:main.py:246:print_splash_screen:PDB2PQR v3.7.1: biomolecular structure conversion software.
2026-05-21 10:27:57,842 INFO:main.py:248:print_splash_screen:Please cite:  Jurrus E, et al.  Improvements to the APBS biomolecular solvation software suite.  Protein Sci 27 112-128 (2018).
2026-05-21 10:27:57,842 INFO:main.py:248:print_splash_screen:Please cite:  Dolinsky TJ, et al.  PDB2PQR: expanding and upgrading automated preparation of biomolecular structures for molecular simulations. Nucleic Acids Res 35 W522-W525 (2007).
2026-05-21 10:27:57,842 INFO:main.py:770:main_driver:Checking and transforming input arguments.
2026-05-21 10:27:57,842 INFO:main.py:774:main_driver:Loading topology files.
2026-05-21 10:27:57,873 INFO:main.py:776:main_driver:Loading molecule: 1AFW.pdb
2026-05-21 10:27:57,889 INFO:main.py:781:main_driver:Setting up molecule.
2026-05-21 10:27:57,914 WARNING:biomolecule.py:995:create_residue:Unable to find amino or nucleic acid definition for MRD.  Parsing as new residue.
2026-05-21 10:27:57,914 WARNING:biomolecule.py:995:create_residue:Unable to find amino or nucleic acid definition for MRD.  Parsing as new residue.
2026-05-21 10:27:57,916 INFO:main.py:423:setup_molecule:Created biomolecule object with 1233 residues and 6338 atoms.
2026-05-21 10:27:57,916 INFO:main.py:785:main_driver:Setting termini states for biomolecule chains.
2026-05-21 10:27:57,925 WARNING:biomolecule.py:618:update_bonds:Gap in backbone detected between ILE A 262 and GLY A 266!
2026-05-21 10:27:57,926 INFO:main.py:616:non_trivial:Loading forcefield.
2026-05-21 10:27:57,933 INFO:main.py:620:non_trivial:Loading hydrogen topology definitions.
2026-05-21 10:27:57,936 INFO:main.py:474:is_repairable:This biomolecule is clean.  No repair needed.
2026-05-21 10:27:57,936 INFO:main.py:635:non_trivial:Updating disulfide bridges.
2026-05-21 10:27:57,937 INFO:main.py:638:non_trivial:Debumping biomolecule.
2026-05-21 10:27:58,043 INFO:main.py:661:non_trivial:Adding hydrogens to biomolecule.
2026-05-21 10:27:58,415 INFO:main.py:664:non_trivial:Debumping biomolecule (again).
2026-05-21 10:27:58,655 WARNING:debump.py:179:debump_biomolecule:WARNING: Unable to debump GLU A 252
2026-05-21 10:27:58,904 INFO:main.py:666:non_trivial:Optimizing hydrogen bonds
2026-05-21 10:27:59,318 WARNING:debump.py:361:get_closest_atom:Skipped atom during water optimization: H2 in HOH A 650 skipped when optimizing H1 in HOH A 537
2026-05-21 10:27:59,321 WARNING:debump.py:361:get_closest_atom:Skipped atom during water optimization: H1 in HOH A 650 skipped when optimizing H2 in HOH A 644
2026-05-21 10:27:59,322 WARNING:debump.py:361:get_closest_atom:Skipped atom during water optimization: H1 in HOH A 650 skipped when optimizing H2 in HOH A 644
2026-05-21 10:27:59,322 WARNING:debump.py:361:get_closest_atom:Skipped atom during water optimization: H1 in HOH A 650 skipped when optimizing H2 in HOH A 644
2026-05-21 10:27:59,323 WARNING:debump.py:361:get_closest_atom:Skipped atom during water optimization: H1 in HOH A 650 skipped when optimizing H2 in HOH A 644
2026-05-21 10:27:59,324 WARNING:debump.py:361:get_closest_atom:Skipped atom during water optimization: H1 in HOH A 650 skipped when optimizing H2 in HOH A 644
2026-05-21 10:27:59,324 WARNING:debump.py:361:get_closest_atom:Skipped atom during water optimization: H1 in HOH A 650 skipped when optimizing H2 in HOH A 644
2026-05-21 10:27:59,325 WARNING:debump.py:361:get_closest_atom:Skipped atom during water optimization: H1 in HOH A 650 skipped when optimizing H2 in HOH A 644
2026-05-21 10:27:59,326 WARNING:debump.py:361:get_closest_atom:Skipped atom during water optimization: H1 in HOH A 650 skipped when optimizing H2 in HOH A 644
2026-05-21 10:27:59,327 WARNING:io.py:44:filter:Suppressing further "Skipped atom during water optimization" messages
2026-05-21 10:28:03,630 INFO:main.py:678:non_trivial:Applying force field to biomolecule states.
2026-05-21 10:28:03,637 INFO:main.py:725:non_trivial:Regenerating headers.
2026-05-21 10:28:03,639 INFO:main.py:750:non_trivial:Regenerating PDB lines.
2026-05-21 10:28:03,682 WARNING:main.py:326:print_pqr:Ignoring 1287 header lines in output.
2026-05-21 10:28:03,682 WARNING:main.py:330:print_pqr:Ignoring 16 missing lines in output.
