2026-06-18 10:24:04,183 INFO:main.py:246:print_splash_screen:PDB2PQR v3.7.1: biomolecular structure conversion software.
2026-06-18 10:24:04,184 INFO:main.py:248:print_splash_screen:Please cite:  Jurrus E, et al.  Improvements to the APBS biomolecular solvation software suite.  Protein Sci 27 112-128 (2018).
2026-06-18 10:24:04,184 INFO:main.py:248:print_splash_screen:Please cite:  Dolinsky TJ, et al.  PDB2PQR: expanding and upgrading automated preparation of biomolecular structures for molecular simulations. Nucleic Acids Res 35 W522-W525 (2007).
2026-06-18 10:24:04,184 INFO:main.py:770:main_driver:Checking and transforming input arguments.
2026-06-18 10:24:04,184 INFO:main.py:774:main_driver:Loading topology files.
2026-06-18 10:24:04,216 INFO:main.py:776:main_driver:Loading molecule: 1ake_temp.pdb
2026-06-18 10:24:04,225 INFO:main.py:781:main_driver:Setting up molecule.
2026-06-18 10:24:04,229 WARNING:biomolecule.py:995:create_residue:Unable to find amino or nucleic acid definition for AP5.  Parsing as new residue.
2026-06-18 10:24:04,234 WARNING:biomolecule.py:995:create_residue:Unable to find amino or nucleic acid definition for AP5.  Parsing as new residue.
2026-06-18 10:24:04,235 INFO:main.py:423:setup_molecule:Created biomolecule object with 808 residues and 3804 atoms.
2026-06-18 10:24:04,235 WARNING:main.py:433:setup_molecule:Multiple occupancies found: CD in ARG A 167.
2026-06-18 10:24:04,235 WARNING:main.py:433:setup_molecule:Multiple occupancies found: NE in ARG A 167.
2026-06-18 10:24:04,235 WARNING:main.py:433:setup_molecule:Multiple occupancies found: CZ in ARG A 167.
2026-06-18 10:24:04,235 WARNING:main.py:433:setup_molecule:Multiple occupancies found: NH1 in ARG A 167.
2026-06-18 10:24:04,235 WARNING:main.py:433:setup_molecule:Multiple occupancies found: NH2 in ARG A 167.
2026-06-18 10:24:04,235 WARNING:main.py:439:setup_molecule:Multiple occupancies found in ARG A 167. At least one of the instances is being ignored.
2026-06-18 10:24:04,235 INFO:main.py:785:main_driver:Setting termini states for biomolecule chains.
2026-06-18 10:24:04,241 INFO:main.py:616:non_trivial:Loading forcefield.
2026-06-18 10:24:04,247 INFO:main.py:620:non_trivial:Loading hydrogen topology definitions.
2026-06-18 10:24:04,249 INFO:main.py:474:is_repairable:This biomolecule is clean.  No repair needed.
2026-06-18 10:24:04,249 INFO:main.py:635:non_trivial:Updating disulfide bridges.
2026-06-18 10:24:04,250 INFO:main.py:638:non_trivial:Debumping biomolecule.
2026-06-18 10:24:04,326 INFO:main.py:661:non_trivial:Adding hydrogens to biomolecule.
2026-06-18 10:24:04,541 INFO:main.py:664:non_trivial:Debumping biomolecule (again).
2026-06-18 10:24:04,830 INFO:main.py:666:non_trivial:Optimizing hydrogen bonds
2026-06-18 10:24:05,099 WARNING:debump.py:361:get_closest_atom:Skipped atom during water optimization: H2 in HOH A 539 skipped when optimizing H2 in HOH A 326
2026-06-18 10:24:05,100 WARNING:debump.py:361:get_closest_atom:Skipped atom during water optimization: H2 in HOH A 409 skipped when optimizing H2 in HOH A 431
2026-06-18 10:24:05,101 WARNING:debump.py:361:get_closest_atom:Skipped atom during water optimization: H2 in HOH A 409 skipped when optimizing H2 in HOH A 431
2026-06-18 10:24:05,102 WARNING:debump.py:361:get_closest_atom:Skipped atom during water optimization: H1 in HOH A 352 skipped when optimizing H1 in HOH A 522
2026-06-18 10:24:05,102 WARNING:debump.py:361:get_closest_atom:Skipped atom during water optimization: H1 in HOH A 352 skipped when optimizing H1 in HOH A 522
2026-06-18 10:24:05,103 WARNING:debump.py:361:get_closest_atom:Skipped atom during water optimization: LP1 in HOH A 409 skipped when optimizing H1 in HOH A 522
2026-06-18 10:24:05,103 WARNING:debump.py:361:get_closest_atom:Skipped atom during water optimization: LP1 in HOH A 409 skipped when optimizing H1 in HOH A 522
2026-06-18 10:24:05,104 WARNING:debump.py:361:get_closest_atom:Skipped atom during water optimization: LP1 in HOH A 409 skipped when optimizing H1 in HOH A 522
2026-06-18 10:24:05,104 WARNING:debump.py:361:get_closest_atom:Skipped atom during water optimization: LP1 in HOH A 409 skipped when optimizing H1 in HOH A 522
2026-06-18 10:24:05,111 WARNING:io.py:44:filter:Suppressing further "Skipped atom during water optimization" messages
2026-06-18 10:24:08,026 INFO:main.py:678:non_trivial:Applying force field to biomolecule states.
2026-06-18 10:24:08,030 INFO:main.py:725:non_trivial:Regenerating headers.
2026-06-18 10:24:08,031 INFO:main.py:750:non_trivial:Regenerating PDB lines.
2026-06-18 10:24:08,056 WARNING:main.py:326:print_pqr:Ignoring 4625 header lines in output.
2026-06-18 10:24:08,056 WARNING:main.py:330:print_pqr:Ignoring 114 missing lines in output.
2026-06-18 10:25:04,963 INFO:main.py:246:print_splash_screen:PDB2PQR v3.7.1: biomolecular structure conversion software.
2026-06-18 10:25:04,963 INFO:main.py:248:print_splash_screen:Please cite:  Jurrus E, et al.  Improvements to the APBS biomolecular solvation software suite.  Protein Sci 27 112-128 (2018).
2026-06-18 10:25:04,963 INFO:main.py:248:print_splash_screen:Please cite:  Dolinsky TJ, et al.  PDB2PQR: expanding and upgrading automated preparation of biomolecular structures for molecular simulations. Nucleic Acids Res 35 W522-W525 (2007).
2026-06-18 10:25:04,963 INFO:main.py:770:main_driver:Checking and transforming input arguments.
2026-06-18 10:25:04,963 INFO:main.py:774:main_driver:Loading topology files.
2026-06-18 10:25:04,997 INFO:main.py:776:main_driver:Loading molecule: 1ake_temp.pdb
2026-06-18 10:25:05,006 INFO:main.py:781:main_driver:Setting up molecule.
2026-06-18 10:25:05,010 WARNING:biomolecule.py:995:create_residue:Unable to find amino or nucleic acid definition for AP5.  Parsing as new residue.
2026-06-18 10:25:05,015 WARNING:biomolecule.py:995:create_residue:Unable to find amino or nucleic acid definition for AP5.  Parsing as new residue.
2026-06-18 10:25:05,016 INFO:main.py:423:setup_molecule:Created biomolecule object with 808 residues and 3804 atoms.
2026-06-18 10:25:05,016 WARNING:main.py:433:setup_molecule:Multiple occupancies found: CD in ARG A 167.
2026-06-18 10:25:05,016 WARNING:main.py:433:setup_molecule:Multiple occupancies found: NE in ARG A 167.
2026-06-18 10:25:05,016 WARNING:main.py:433:setup_molecule:Multiple occupancies found: CZ in ARG A 167.
2026-06-18 10:25:05,016 WARNING:main.py:433:setup_molecule:Multiple occupancies found: NH1 in ARG A 167.
2026-06-18 10:25:05,016 WARNING:main.py:433:setup_molecule:Multiple occupancies found: NH2 in ARG A 167.
2026-06-18 10:25:05,016 WARNING:main.py:439:setup_molecule:Multiple occupancies found in ARG A 167. At least one of the instances is being ignored.
2026-06-18 10:25:05,016 INFO:main.py:785:main_driver:Setting termini states for biomolecule chains.
2026-06-18 10:25:05,021 INFO:main.py:616:non_trivial:Loading forcefield.
2026-06-18 10:25:05,027 INFO:main.py:620:non_trivial:Loading hydrogen topology definitions.
2026-06-18 10:25:05,030 INFO:main.py:474:is_repairable:This biomolecule is clean.  No repair needed.
2026-06-18 10:25:05,030 INFO:main.py:635:non_trivial:Updating disulfide bridges.
2026-06-18 10:25:05,030 INFO:main.py:638:non_trivial:Debumping biomolecule.
2026-06-18 10:25:05,104 INFO:main.py:661:non_trivial:Adding hydrogens to biomolecule.
2026-06-18 10:25:05,313 INFO:main.py:664:non_trivial:Debumping biomolecule (again).
2026-06-18 10:25:05,591 INFO:main.py:666:non_trivial:Optimizing hydrogen bonds
2026-06-18 10:25:05,850 WARNING:debump.py:361:get_closest_atom:Skipped atom during water optimization: H2 in HOH A 539 skipped when optimizing H2 in HOH A 326
2026-06-18 10:25:05,852 WARNING:debump.py:361:get_closest_atom:Skipped atom during water optimization: H2 in HOH A 409 skipped when optimizing H2 in HOH A 431
2026-06-18 10:25:05,853 WARNING:debump.py:361:get_closest_atom:Skipped atom during water optimization: H2 in HOH A 409 skipped when optimizing H2 in HOH A 431
2026-06-18 10:25:05,853 WARNING:debump.py:361:get_closest_atom:Skipped atom during water optimization: H1 in HOH A 352 skipped when optimizing H1 in HOH A 522
2026-06-18 10:25:05,854 WARNING:debump.py:361:get_closest_atom:Skipped atom during water optimization: H1 in HOH A 352 skipped when optimizing H1 in HOH A 522
2026-06-18 10:25:05,855 WARNING:debump.py:361:get_closest_atom:Skipped atom during water optimization: LP1 in HOH A 409 skipped when optimizing H1 in HOH A 522
2026-06-18 10:25:05,855 WARNING:debump.py:361:get_closest_atom:Skipped atom during water optimization: LP1 in HOH A 409 skipped when optimizing H1 in HOH A 522
2026-06-18 10:25:05,856 WARNING:debump.py:361:get_closest_atom:Skipped atom during water optimization: LP1 in HOH A 409 skipped when optimizing H1 in HOH A 522
2026-06-18 10:25:05,856 WARNING:debump.py:361:get_closest_atom:Skipped atom during water optimization: LP1 in HOH A 409 skipped when optimizing H1 in HOH A 522
2026-06-18 10:25:05,862 WARNING:io.py:44:filter:Suppressing further "Skipped atom during water optimization" messages
2026-06-18 10:25:08,740 INFO:main.py:678:non_trivial:Applying force field to biomolecule states.
2026-06-18 10:25:08,744 INFO:main.py:725:non_trivial:Regenerating headers.
2026-06-18 10:25:08,746 INFO:main.py:750:non_trivial:Regenerating PDB lines.
2026-06-18 10:25:08,770 WARNING:main.py:326:print_pqr:Ignoring 4625 header lines in output.
2026-06-18 10:25:08,770 WARNING:main.py:330:print_pqr:Ignoring 114 missing lines in output.
