2026-06-17 12:36:28,757 INFO:main.py:246:print_splash_screen:PDB2PQR v3.7.1: biomolecular structure conversion software.
2026-06-17 12:36:28,757 INFO:main.py:248:print_splash_screen:Please cite:  Jurrus E, et al.  Improvements to the APBS biomolecular solvation software suite.  Protein Sci 27 112-128 (2018).
2026-06-17 12:36:28,757 INFO:main.py:248:print_splash_screen:Please cite:  Dolinsky TJ, et al.  PDB2PQR: expanding and upgrading automated preparation of biomolecular structures for molecular simulations. Nucleic Acids Res 35 W522-W525 (2007).
2026-06-17 12:36:28,757 INFO:main.py:770:main_driver:Checking and transforming input arguments.
2026-06-17 12:36:28,757 INFO:main.py:774:main_driver:Loading topology files.
2026-06-17 12:36:28,791 INFO:main.py:776:main_driver:Loading molecule: 4ake.pdb
2026-06-17 12:36:28,802 INFO:main.py:781:main_driver:Setting up molecule.
2026-06-17 12:36:28,811 INFO:main.py:423:setup_molecule:Created biomolecule object with 575 residues and 3459 atoms.
2026-06-17 12:36:28,812 INFO:main.py:785:main_driver:Setting termini states for biomolecule chains.
2026-06-17 12:36:28,820 INFO:main.py:616:non_trivial:Loading forcefield.
2026-06-17 12:36:28,826 INFO:main.py:620:non_trivial:Loading hydrogen topology definitions.
2026-06-17 12:36:28,828 INFO:main.py:474:is_repairable:This biomolecule is clean.  No repair needed.
2026-06-17 12:36:28,828 INFO:main.py:635:non_trivial:Updating disulfide bridges.
2026-06-17 12:36:28,828 INFO:main.py:638:non_trivial:Debumping biomolecule.
2026-06-17 12:36:28,907 INFO:main.py:661:non_trivial:Adding hydrogens to biomolecule.
2026-06-17 12:36:29,132 INFO:main.py:664:non_trivial:Debumping biomolecule (again).
2026-06-17 12:36:29,411 INFO:main.py:666:non_trivial:Optimizing hydrogen bonds
2026-06-17 12:36:29,592 WARNING:debump.py:361:get_closest_atom:Skipped atom during water optimization: H1 in HOH A 245 skipped when optimizing H2 in HOH A 267
2026-06-17 12:36:29,593 WARNING:debump.py:361:get_closest_atom:Skipped atom during water optimization: H1 in HOH A 245 skipped when optimizing H2 in HOH A 267
2026-06-17 12:36:29,593 WARNING:debump.py:361:get_closest_atom:Skipped atom during water optimization: H1 in HOH A 245 skipped when optimizing H2 in HOH A 267
2026-06-17 12:36:29,594 WARNING:debump.py:361:get_closest_atom:Skipped atom during water optimization: H1 in HOH A 245 skipped when optimizing H2 in HOH A 267
2026-06-17 12:36:29,688 WARNING:debump.py:361:get_closest_atom:Skipped atom during water optimization: H2 in HOH A 281 skipped when optimizing H1 in HOH A 251
2026-06-17 12:36:29,689 WARNING:debump.py:361:get_closest_atom:Skipped atom during water optimization: H2 in HOH A 281 skipped when optimizing H1 in HOH A 251
2026-06-17 12:36:29,690 WARNING:debump.py:361:get_closest_atom:Skipped atom during water optimization: H2 in HOH A 281 skipped when optimizing H1 in HOH A 251
2026-06-17 12:36:29,690 WARNING:debump.py:361:get_closest_atom:Skipped atom during water optimization: H2 in HOH A 281 skipped when optimizing H1 in HOH A 251
2026-06-17 12:36:29,691 WARNING:debump.py:361:get_closest_atom:Skipped atom during water optimization: H2 in HOH A 281 skipped when optimizing H1 in HOH A 251
2026-06-17 12:36:29,692 WARNING:io.py:44:filter:Suppressing further "Skipped atom during water optimization" messages
2026-06-17 12:36:31,002 INFO:main.py:678:non_trivial:Applying force field to biomolecule states.
2026-06-17 12:36:31,006 INFO:main.py:725:non_trivial:Regenerating headers.
2026-06-17 12:36:31,007 INFO:main.py:750:non_trivial:Regenerating PDB lines.
2026-06-17 12:36:31,030 WARNING:main.py:326:print_pqr:Ignoring 391 header lines in output.
