2026-06-17 13:40:57,318 INFO:main.py:246:print_splash_screen:PDB2PQR v3.7.1: biomolecular structure conversion software.
2026-06-17 13:40:57,318 INFO:main.py:248:print_splash_screen:Please cite:  Jurrus E, et al.  Improvements to the APBS biomolecular solvation software suite.  Protein Sci 27 112-128 (2018).
2026-06-17 13:40:57,318 INFO:main.py:248:print_splash_screen:Please cite:  Dolinsky TJ, et al.  PDB2PQR: expanding and upgrading automated preparation of biomolecular structures for molecular simulations. Nucleic Acids Res 35 W522-W525 (2007).
2026-06-17 13:40:57,318 INFO:main.py:770:main_driver:Checking and transforming input arguments.
2026-06-17 13:40:57,318 INFO:main.py:774:main_driver:Loading topology files.
2026-06-17 13:40:57,352 INFO:main.py:776:main_driver:Loading molecule: 4ake_temp.pdb
2026-06-17 13:40:57,370 INFO:main.py:781:main_driver:Setting up molecule.
2026-06-17 13:40:57,401 INFO:main.py:423:setup_molecule:Created biomolecule object with 575 residues and 7123 atoms.
2026-06-17 13:40:57,402 INFO:main.py:785:main_driver:Setting termini states for biomolecule chains.
2026-06-17 13:40:57,410 INFO:main.py:616:non_trivial:Loading forcefield.
2026-06-17 13:40:57,418 INFO:main.py:620:non_trivial:Loading hydrogen topology definitions.
2026-06-17 13:40:57,420 INFO:main.py:474:is_repairable:This biomolecule is clean.  No repair needed.
2026-06-17 13:40:57,420 INFO:main.py:635:non_trivial:Updating disulfide bridges.
2026-06-17 13:40:57,421 INFO:main.py:638:non_trivial:Debumping biomolecule.
2026-06-17 13:40:57,512 INFO:main.py:661:non_trivial:Adding hydrogens to biomolecule.
2026-06-17 13:40:57,513 INFO:main.py:664:non_trivial:Debumping biomolecule (again).
2026-06-17 13:40:57,603 INFO:main.py:666:non_trivial:Optimizing hydrogen bonds
2026-06-17 13:40:58,076 INFO:main.py:678:non_trivial:Applying force field to biomolecule states.
2026-06-17 13:40:58,080 INFO:main.py:725:non_trivial:Regenerating headers.
2026-06-17 13:40:58,081 INFO:main.py:750:non_trivial:Regenerating PDB lines.
2026-06-17 13:40:58,102 WARNING:main.py:326:print_pqr:Ignoring 391 header lines in output.
2026-06-17 13:52:16,640 INFO:main.py:246:print_splash_screen:PDB2PQR v3.7.1: biomolecular structure conversion software.
2026-06-17 13:52:16,641 INFO:main.py:248:print_splash_screen:Please cite:  Jurrus E, et al.  Improvements to the APBS biomolecular solvation software suite.  Protein Sci 27 112-128 (2018).
2026-06-17 13:52:16,641 INFO:main.py:248:print_splash_screen:Please cite:  Dolinsky TJ, et al.  PDB2PQR: expanding and upgrading automated preparation of biomolecular structures for molecular simulations. Nucleic Acids Res 35 W522-W525 (2007).
2026-06-17 13:52:16,641 INFO:main.py:770:main_driver:Checking and transforming input arguments.
2026-06-17 13:52:16,641 INFO:main.py:774:main_driver:Loading topology files.
2026-06-17 13:52:16,674 INFO:main.py:776:main_driver:Loading molecule: 4ake_temp.pdb
2026-06-17 13:52:16,692 INFO:main.py:781:main_driver:Setting up molecule.
2026-06-17 13:52:16,721 INFO:main.py:423:setup_molecule:Created biomolecule object with 575 residues and 7123 atoms.
2026-06-17 13:52:16,721 INFO:main.py:785:main_driver:Setting termini states for biomolecule chains.
2026-06-17 13:52:16,729 INFO:main.py:616:non_trivial:Loading forcefield.
2026-06-17 13:52:16,736 INFO:main.py:620:non_trivial:Loading hydrogen topology definitions.
2026-06-17 13:52:16,739 INFO:main.py:474:is_repairable:This biomolecule is clean.  No repair needed.
2026-06-17 13:52:16,739 INFO:main.py:635:non_trivial:Updating disulfide bridges.
2026-06-17 13:52:16,740 INFO:main.py:638:non_trivial:Debumping biomolecule.
2026-06-17 13:52:16,831 INFO:main.py:661:non_trivial:Adding hydrogens to biomolecule.
2026-06-17 13:52:16,833 INFO:main.py:664:non_trivial:Debumping biomolecule (again).
2026-06-17 13:52:16,924 INFO:main.py:666:non_trivial:Optimizing hydrogen bonds
2026-06-17 13:52:17,412 INFO:main.py:678:non_trivial:Applying force field to biomolecule states.
2026-06-17 13:52:17,416 INFO:main.py:725:non_trivial:Regenerating headers.
2026-06-17 13:52:17,416 INFO:main.py:750:non_trivial:Regenerating PDB lines.
2026-06-17 13:52:17,439 WARNING:main.py:326:print_pqr:Ignoring 391 header lines in output.
2026-06-17 13:53:18,479 INFO:main.py:246:print_splash_screen:PDB2PQR v3.7.1: biomolecular structure conversion software.
2026-06-17 13:53:18,480 INFO:main.py:248:print_splash_screen:Please cite:  Jurrus E, et al.  Improvements to the APBS biomolecular solvation software suite.  Protein Sci 27 112-128 (2018).
2026-06-17 13:53:18,480 INFO:main.py:248:print_splash_screen:Please cite:  Dolinsky TJ, et al.  PDB2PQR: expanding and upgrading automated preparation of biomolecular structures for molecular simulations. Nucleic Acids Res 35 W522-W525 (2007).
2026-06-17 13:53:18,480 INFO:main.py:770:main_driver:Checking and transforming input arguments.
2026-06-17 13:53:18,481 INFO:main.py:774:main_driver:Loading topology files.
2026-06-17 13:53:18,518 INFO:main.py:776:main_driver:Loading molecule: 4ake_temp.pdb
2026-06-17 13:53:18,537 INFO:main.py:781:main_driver:Setting up molecule.
2026-06-17 13:53:18,575 INFO:main.py:423:setup_molecule:Created biomolecule object with 575 residues and 7123 atoms.
2026-06-17 13:53:18,575 INFO:main.py:785:main_driver:Setting termini states for biomolecule chains.
2026-06-17 13:53:18,585 INFO:main.py:616:non_trivial:Loading forcefield.
2026-06-17 13:53:18,592 INFO:main.py:620:non_trivial:Loading hydrogen topology definitions.
2026-06-17 13:53:18,595 INFO:main.py:474:is_repairable:This biomolecule is clean.  No repair needed.
2026-06-17 13:53:18,595 INFO:main.py:635:non_trivial:Updating disulfide bridges.
2026-06-17 13:53:18,595 INFO:main.py:638:non_trivial:Debumping biomolecule.
2026-06-17 13:53:18,688 INFO:main.py:661:non_trivial:Adding hydrogens to biomolecule.
2026-06-17 13:53:18,689 INFO:main.py:664:non_trivial:Debumping biomolecule (again).
2026-06-17 13:53:18,779 INFO:main.py:666:non_trivial:Optimizing hydrogen bonds
2026-06-17 13:53:19,245 INFO:main.py:678:non_trivial:Applying force field to biomolecule states.
2026-06-17 13:53:19,249 INFO:main.py:725:non_trivial:Regenerating headers.
2026-06-17 13:53:19,250 INFO:main.py:750:non_trivial:Regenerating PDB lines.
2026-06-17 13:53:19,270 WARNING:main.py:326:print_pqr:Ignoring 391 header lines in output.
