2026-05-21 14:07:14,045 INFO:main.py:246:print_splash_screen:PDB2PQR v3.7.1: biomolecular structure conversion software.
2026-05-21 14:07:14,045 INFO:main.py:248:print_splash_screen:Please cite:  Jurrus E, et al.  Improvements to the APBS biomolecular solvation software suite.  Protein Sci 27 112-128 (2018).
2026-05-21 14:07:14,045 INFO:main.py:248:print_splash_screen:Please cite:  Dolinsky TJ, et al.  PDB2PQR: expanding and upgrading automated preparation of biomolecular structures for molecular simulations. Nucleic Acids Res 35 W522-W525 (2007).
2026-05-21 14:07:14,045 INFO:main.py:770:main_driver:Checking and transforming input arguments.
2026-05-21 14:07:14,045 INFO:main.py:774:main_driver:Loading topology files.
2026-05-21 14:07:14,076 INFO:main.py:776:main_driver:Loading molecule: 1CNV_temp.pdb
2026-05-21 14:07:14,083 INFO:main.py:781:main_driver:Setting up molecule.
2026-05-21 14:07:14,089 INFO:main.py:423:setup_molecule:Created biomolecule object with 571 residues and 2551 atoms.
2026-05-21 14:07:14,089 INFO:main.py:785:main_driver:Setting termini states for biomolecule chains.
2026-05-21 14:07:14,093 INFO:main.py:616:non_trivial:Loading forcefield.
2026-05-21 14:07:14,099 INFO:main.py:620:non_trivial:Loading hydrogen topology definitions.
2026-05-21 14:07:14,100 WARNING:biomolecule.py:157:num_missing_heavy:Missing atom CE2 in residue TYR A 282
2026-05-21 14:07:14,100 WARNING:biomolecule.py:157:num_missing_heavy:Missing atom CZ in residue TYR A 282
2026-05-21 14:07:14,100 WARNING:biomolecule.py:157:num_missing_heavy:Missing atom OXT in residue LEU A 283
2026-05-21 14:07:14,101 WARNING:biomolecule.py:157:num_missing_heavy:Missing atom CE2 in residue TYR A 282
2026-05-21 14:07:14,101 WARNING:biomolecule.py:157:num_missing_heavy:Missing atom CZ in residue TYR A 282
2026-05-21 14:07:14,101 WARNING:biomolecule.py:157:num_missing_heavy:Missing atom OXT in residue LEU A 283
2026-05-21 14:07:14,101 INFO:main.py:630:non_trivial:Attempting to repair 3 missing atoms in biomolecule.
2026-05-21 14:07:14,102 WARNING:biomolecule.py:157:num_missing_heavy:Missing atom CE2 in residue TYR A 282
2026-05-21 14:07:14,102 WARNING:biomolecule.py:157:num_missing_heavy:Missing atom CZ in residue TYR A 282
2026-05-21 14:07:14,102 WARNING:biomolecule.py:157:num_missing_heavy:Missing atom OXT in residue LEU A 283
2026-05-21 14:07:14,102 INFO:biomolecule.py:1080:repair_heavy:Added atom CE2 to residue TYR A 282 at coordinates -3.237, 84.905, -14.426
2026-05-21 14:07:14,103 INFO:biomolecule.py:1080:repair_heavy:Added atom CZ to residue TYR A 282 at coordinates -3.768, 85.832, -15.317
2026-05-21 14:07:14,103 INFO:biomolecule.py:1080:repair_heavy:Added atom OXT to residue LEU A 283 at coordinates -11.639, 80.672, -13.728
2026-05-21 14:07:14,103 INFO:main.py:635:non_trivial:Updating disulfide bridges.
2026-05-21 14:07:14,104 INFO:main.py:638:non_trivial:Debumping biomolecule.
2026-05-21 14:07:14,146 INFO:main.py:661:non_trivial:Adding hydrogens to biomolecule.
2026-05-21 14:07:14,294 INFO:main.py:664:non_trivial:Debumping biomolecule (again).
2026-05-21 14:07:14,476 INFO:main.py:666:non_trivial:Optimizing hydrogen bonds
2026-05-21 14:07:14,979 WARNING:debump.py:361:get_closest_atom:Skipped atom during water optimization: LP1 in HOH A 431 skipped when optimizing H1 in HOH A 432
2026-05-21 14:07:14,980 WARNING:debump.py:361:get_closest_atom:Skipped atom during water optimization: LP1 in HOH A 431 skipped when optimizing H1 in HOH A 432
2026-05-21 14:07:14,980 WARNING:debump.py:361:get_closest_atom:Skipped atom during water optimization: LP1 in HOH A 431 skipped when optimizing H1 in HOH A 432
2026-05-21 14:07:14,983 WARNING:debump.py:361:get_closest_atom:Skipped atom during water optimization: LP1 in HOH A 431 skipped when optimizing H2 in HOH A 432
2026-05-21 14:07:14,991 WARNING:debump.py:361:get_closest_atom:Skipped atom during water optimization: H1 in HOH A 432 skipped when optimizing H1 in HOH A 431
2026-05-21 14:07:14,992 WARNING:debump.py:361:get_closest_atom:Skipped atom during water optimization: H1 in HOH A 432 skipped when optimizing H1 in HOH A 431
2026-05-21 14:07:14,992 WARNING:debump.py:361:get_closest_atom:Skipped atom during water optimization: H1 in HOH A 432 skipped when optimizing H1 in HOH A 431
2026-05-21 14:07:14,993 WARNING:debump.py:361:get_closest_atom:Skipped atom during water optimization: H1 in HOH A 432 skipped when optimizing H1 in HOH A 431
2026-05-21 14:07:14,994 WARNING:debump.py:361:get_closest_atom:Skipped atom during water optimization: H1 in HOH A 432 skipped when optimizing H1 in HOH A 431
2026-05-21 14:07:14,995 WARNING:io.py:44:filter:Suppressing further "Skipped atom during water optimization" messages
2026-05-21 14:07:16,969 INFO:main.py:678:non_trivial:Applying force field to biomolecule states.
2026-05-21 14:07:16,973 INFO:main.py:725:non_trivial:Regenerating headers.
2026-05-21 14:07:16,974 INFO:main.py:750:non_trivial:Regenerating PDB lines.
2026-05-21 14:07:16,991 WARNING:main.py:326:print_pqr:Ignoring 391 header lines in output.
2026-05-21 14:12:07,792 INFO:main.py:246:print_splash_screen:PDB2PQR v3.7.1: biomolecular structure conversion software.
2026-05-21 14:12:07,792 INFO:main.py:248:print_splash_screen:Please cite:  Jurrus E, et al.  Improvements to the APBS biomolecular solvation software suite.  Protein Sci 27 112-128 (2018).
2026-05-21 14:12:07,792 INFO:main.py:248:print_splash_screen:Please cite:  Dolinsky TJ, et al.  PDB2PQR: expanding and upgrading automated preparation of biomolecular structures for molecular simulations. Nucleic Acids Res 35 W522-W525 (2007).
2026-05-21 14:12:07,792 INFO:main.py:770:main_driver:Checking and transforming input arguments.
2026-05-21 14:12:07,792 INFO:main.py:774:main_driver:Loading topology files.
2026-05-21 14:12:07,825 INFO:main.py:776:main_driver:Loading molecule: 1CNV_temp.pdb
2026-05-21 14:12:07,831 INFO:main.py:781:main_driver:Setting up molecule.
2026-05-21 14:12:07,838 INFO:main.py:423:setup_molecule:Created biomolecule object with 571 residues and 2551 atoms.
2026-05-21 14:12:07,838 INFO:main.py:785:main_driver:Setting termini states for biomolecule chains.
2026-05-21 14:12:07,842 INFO:main.py:616:non_trivial:Loading forcefield.
2026-05-21 14:12:07,848 INFO:main.py:620:non_trivial:Loading hydrogen topology definitions.
2026-05-21 14:12:07,850 WARNING:biomolecule.py:157:num_missing_heavy:Missing atom CE2 in residue TYR A 282
2026-05-21 14:12:07,850 WARNING:biomolecule.py:157:num_missing_heavy:Missing atom CZ in residue TYR A 282
2026-05-21 14:12:07,850 WARNING:biomolecule.py:157:num_missing_heavy:Missing atom OXT in residue LEU A 283
2026-05-21 14:12:07,850 WARNING:biomolecule.py:157:num_missing_heavy:Missing atom CE2 in residue TYR A 282
2026-05-21 14:12:07,850 WARNING:biomolecule.py:157:num_missing_heavy:Missing atom CZ in residue TYR A 282
2026-05-21 14:12:07,850 WARNING:biomolecule.py:157:num_missing_heavy:Missing atom OXT in residue LEU A 283
2026-05-21 14:12:07,850 INFO:main.py:630:non_trivial:Attempting to repair 3 missing atoms in biomolecule.
2026-05-21 14:12:07,851 WARNING:biomolecule.py:157:num_missing_heavy:Missing atom CE2 in residue TYR A 282
2026-05-21 14:12:07,851 WARNING:biomolecule.py:157:num_missing_heavy:Missing atom CZ in residue TYR A 282
2026-05-21 14:12:07,851 WARNING:biomolecule.py:157:num_missing_heavy:Missing atom OXT in residue LEU A 283
2026-05-21 14:12:07,852 INFO:biomolecule.py:1080:repair_heavy:Added atom CE2 to residue TYR A 282 at coordinates -3.237, 84.905, -14.426
2026-05-21 14:12:07,852 INFO:biomolecule.py:1080:repair_heavy:Added atom CZ to residue TYR A 282 at coordinates -3.768, 85.832, -15.317
2026-05-21 14:12:07,852 INFO:biomolecule.py:1080:repair_heavy:Added atom OXT to residue LEU A 283 at coordinates -11.639, 80.672, -13.728
2026-05-21 14:12:07,852 INFO:main.py:635:non_trivial:Updating disulfide bridges.
2026-05-21 14:12:07,853 INFO:main.py:638:non_trivial:Debumping biomolecule.
2026-05-21 14:12:07,894 INFO:main.py:661:non_trivial:Adding hydrogens to biomolecule.
2026-05-21 14:12:08,045 INFO:main.py:664:non_trivial:Debumping biomolecule (again).
2026-05-21 14:12:08,226 INFO:main.py:666:non_trivial:Optimizing hydrogen bonds
2026-05-21 14:12:08,735 WARNING:debump.py:361:get_closest_atom:Skipped atom during water optimization: LP1 in HOH A 431 skipped when optimizing H1 in HOH A 432
2026-05-21 14:12:08,736 WARNING:debump.py:361:get_closest_atom:Skipped atom during water optimization: LP1 in HOH A 431 skipped when optimizing H1 in HOH A 432
2026-05-21 14:12:08,736 WARNING:debump.py:361:get_closest_atom:Skipped atom during water optimization: LP1 in HOH A 431 skipped when optimizing H1 in HOH A 432
2026-05-21 14:12:08,739 WARNING:debump.py:361:get_closest_atom:Skipped atom during water optimization: LP1 in HOH A 431 skipped when optimizing H2 in HOH A 432
2026-05-21 14:12:08,748 WARNING:debump.py:361:get_closest_atom:Skipped atom during water optimization: H1 in HOH A 432 skipped when optimizing H1 in HOH A 431
2026-05-21 14:12:08,749 WARNING:debump.py:361:get_closest_atom:Skipped atom during water optimization: H1 in HOH A 432 skipped when optimizing H1 in HOH A 431
2026-05-21 14:12:08,749 WARNING:debump.py:361:get_closest_atom:Skipped atom during water optimization: H1 in HOH A 432 skipped when optimizing H1 in HOH A 431
2026-05-21 14:12:08,750 WARNING:debump.py:361:get_closest_atom:Skipped atom during water optimization: H1 in HOH A 432 skipped when optimizing H1 in HOH A 431
2026-05-21 14:12:08,751 WARNING:debump.py:361:get_closest_atom:Skipped atom during water optimization: H1 in HOH A 432 skipped when optimizing H1 in HOH A 431
2026-05-21 14:12:08,752 WARNING:io.py:44:filter:Suppressing further "Skipped atom during water optimization" messages
2026-05-21 14:12:10,740 INFO:main.py:678:non_trivial:Applying force field to biomolecule states.
2026-05-21 14:12:10,744 INFO:main.py:725:non_trivial:Regenerating headers.
2026-05-21 14:12:10,744 INFO:main.py:750:non_trivial:Regenerating PDB lines.
2026-05-21 14:12:10,762 WARNING:main.py:326:print_pqr:Ignoring 391 header lines in output.
